Assembler build error
OS: raspian 11
host: raspberry pi 4b
compiler: gcc-10
code: main 3be1e333 [DYNAREC] Fixed alternate address not always taken into account by Dynarec

The code of tag v0.1.6 was built OK. But code from main head was broken:
`...
[ 22%] Built target native_pass1
[ 22%] Building C object CMakeFiles/native_pass2.dir/src/dynarec/arm64/dynarec_arm64_67.c.o
[ 23%] Building C object CMakeFiles/native_pass2.dir/src/dynarec/arm64/dynarec_arm64_d8.c.o
[ 23%] Building C object CMakeFiles/native_pass2.dir/src/dynarec/arm64/dynarec_arm64_d9.c.o
[ 23%] Building C object CMakeFiles/native_pass3.dir/src/dynarec/arm64/dynarec_arm64_emit_shift.c.o
[ 23%] Building C object CMakeFiles/native_pass2.dir/src/dynarec/arm64/dynarec_arm64_db.c.o
[ 23%] Building C object CMakeFiles/native_pass2.dir/src/dynarec/arm64/dynarec_arm64_dc.c.o
[ 23%] Building C object CMakeFiles/native_pass3.dir/src/dynarec/arm64/dynarec_arm64_00.c.o
[ 24%] Building C object CMakeFiles/native_pass2.dir/src/dynarec/arm64/dynarec_arm64_dd.c.o
[ 24%] Building C object CMakeFiles/native_pass2.dir/src/dynarec/arm64/dynarec_arm64_de.c.o
[ 24%] Building C object CMakeFiles/native_pass2.dir/src/dynarec/arm64/dynarec_arm64_df.c.o
[ 25%] Building C object CMakeFiles/native_pass2.dir/src/dynarec/arm64/dynarec_arm64_f0.c.o
[ 25%] Building C object CMakeFiles/native_pass2.dir/src/dynarec/arm64/dynarec_arm64_660f.c.o
[ 25%] Building C object CMakeFiles/native_pass2.dir/src/dynarec/arm64/dynarec_arm64_6664.c.o
[ 25%] Building C object CMakeFiles/native_pass3.dir/src/dynarec/arm64/dynarec_arm64_0f.c.o
[ 26%] Building C object CMakeFiles/native_pass2.dir/src/dynarec/arm64/dynarec_arm64_66f0.c.o
[ 26%] Building C object CMakeFiles/native_pass2.dir/src/dynarec/arm64/dynarec_arm64_f20f.c.o
[ 26%] Building C object CMakeFiles/native_pass2.dir/src/dynarec/arm64/dynarec_arm64_f30f.c.o
[ 26%] Building C object CMakeFiles/native_pass2.dir/src/dynarec/dynarec_native_pass.c.o
[ 27%] Building C object CMakeFiles/native_pass3.dir/src/dynarec/arm64/dynarec_arm64_64.c.o
[ 27%] Built target native_pass2
[ 27%] Building C object CMakeFiles/native_pass3.dir/src/dynarec/arm64/dynarec_arm64_66.c.o
[ 27%] Building C object CMakeFiles/native_pass3.dir/src/dynarec/arm64/dynarec_arm64_67.c.o
{standard input}: Assembler messages:
{standard input}: Warning: end of file not at end of a line; newline inserted
{standard input}:629: Error: unknown pseudo-op: `.strin'
cc: fatal error: Killed signal terminated program cc1
compilation terminated.
make[2]: *** [CMakeFiles/native_pass3.dir/build.make:147: CMakeFiles/native_pass3.dir/src/dynarec/arm64/dynarec_arm64_00.c.o] Error 1
make[2]: *** Waiting for unfinished jobs....
cc: fatal error: Killed signal terminated program cc1
compilation terminated.
make[2]: *** [CMakeFiles/native_pass3.dir/build.make:160: CMakeFiles/native_pass3.dir/src/dynarec/arm64/dynarec_arm64_0f.c.o] Error 1
make[2]: *** Deleting file 'CMakeFiles/native_pass3.dir/src/dynarec/arm64/dynarec_arm64_0f.c.o'
make[1]: *** [CMakeFiles/Makefile2:276: CMakeFiles/native_pass3.dir/all] Error 2
make: *** [Makefile:182: all] Error 2
`