'bits/c++config.h' file not found
## error info

```
[1/3] Generating gen/thunkgen_guest_libVDSO.inl
FAILED: gen/thunkgen_guest_libVDSO.inl /home/bogus/source/FEX/build-Release-Thunk/Guest_32/gen/thunkgen_guest_libVDSO.inl 
cd /home/bogus/source/FEX/build-Release-Thunk/Guest_32 && /home/bogus/source/FEX/build-Release-Thunk/Bin/thunkgen /home/bogus/source/FEX/ThunkLibs/GuestLibs/../libVDSO/libVDSO_interface.cpp libVDSO -guest /home/bogus/source/FEX/build-Release-Thunk/Guest_32/gen/thunkgen_guest_libVDSO.inl -- -std=c++17 -m32 --target=i686-linux-unknown -isystem /usr/i686-linux-gnu/include/ -DGUEST_THUNK_LIBRARY -isystem/home/bogus/source/FEX/ThunkLibs/GuestLibs/../include
In file included from /home/bogus/source/FEX/ThunkLibs/GuestLibs/../libVDSO/libVDSO_interface.cpp:7:
In file included from /home/bogus/source/FEX/ThunkLibs/GuestLibs/../libVDSO/Types.h:2:
/usr/lib/gcc-cross/i686-linux-gnu/11/../../../../include/c++/11/cstdint:38:10: fatal error: 'bits/c++config.h' file not found
#include <bits/c++config.h>
         ^~~~~~~~~~~~~~~~~~
1 error generated.
Error while processing /home/bogus/source/FEX/ThunkLibs/GuestLibs/../libVDSO/libVDSO_interface.cpp.
ninja: build stopped: subcommand failed.
```

I search c++config.h in /usr
```
bogus@bogus:/usr$ find * | grep "c++config.h"
aarch64-linux-gnu/include/c++/10/aarch64-linux-gnu/bits/c++config.h
i686-linux-gnu/include/c++/10/i686-linux-gnu/bits/c++config.h
i686-linux-gnu/include/c++/10/i686-linux-gnu/64/bits/c++config.h
i686-linux-gnu/include/c++/10/i686-linux-gnu/x32/bits/c++config.h
i686-linux-gnu/include/c++/11/i686-linux-gnu/bits/c++config.h
i686-linux-gnu/include/c++/11/i686-linux-gnu/64/bits/c++config.h
i686-linux-gnu/include/c++/11/i686-linux-gnu/x32/bits/c++config.h
include/aarch64-linux-gnu/c++/10/bits/c++config.h
include/aarch64-linux-gnu/c++/9/bits/c++config.h
include/aarch64-linux-gnu/c++/11/bits/c++config.h
x86_64-linux-gnu/include/c++/10/x86_64-linux-gnu/bits/c++config.h
x86_64-linux-gnu/include/c++/10/x86_64-linux-gnu/x32/bits/c++config.h
x86_64-linux-gnu/include/c++/10/x86_64-linux-gnu/32/bits/c++config.h
x86_64-linux-gnu/include/c++/11/x86_64-linux-gnu/bits/c++config.h
x86_64-linux-gnu/include/c++/11/x86_64-linux-gnu/x32/bits/c++config.h
x86_64-linux-gnu/include/c++/11/x86_64-linux-gnu/32/bits/c++config.h
```

But the CMake search in director: /usr/include/c++/11, I installed so much multilib

```
bogus@bogus:/usr$ apt list --installed | grep multi

WARNING: apt does not have a stable CLI interface. Use with caution in scripts.

g++-11-multilib-i686-linux-gnu/jammy-updates,jammy-security,now 11.3.0-1ubuntu1~22.04cross1 arm64 [installed,automatic]
g++-11-multilib-x86-64-linux-gnu/jammy,now 11.2.0-17ubuntu1cross1 arm64 [installed,upgradable to: 11.3.0-1ubuntu1~22.04cross1]
g++-multilib-i686-linux-gnu/jammy,now 4:11.2.0-1ubuntu1 arm64 [installed]
g++-multilib-x86-64-linux-gnu/jammy,now 4:11.2.0-1ubuntu1 arm64 [installed]
gcc-11-multilib-i686-linux-gnu/jammy-updates,jammy-security,now 11.3.0-1ubuntu1~22.04cross1 arm64 [installed,automatic]
gcc-11-multilib-x86-64-linux-gnu/jammy,now 11.2.0-17ubuntu1cross1 arm64 [installed,upgradable to: 11.3.0-1ubuntu1~22.04cross1]
gcc-multilib-i686-linux-gnu/jammy,now 4:11.2.0-1ubuntu1 arm64 [installed,automatic]
gcc-multilib-x86-64-linux-gnu/jammy,now 4:11.2.0-1ubuntu1 arm64 [installed,automatic]
krb5-multidev/jammy,now 1.19.2-2 arm64 [installed,automatic]
multipath-tools/jammy-updates,jammy-security,now 0.8.8-1ubuntu1.22.04.1 arm64 [installed,automatic]
```

how can I fix this problem? 