
MSYS2 build fails with link errors on Window 10  22H2
Description of problem:
Linking target tests/plugin/libbb.dll fails with undefined references in below attached output
Steps to reproduce:
1. Open MSYS2 build environment on Windows 10
2. mkdir build && cd build && ../configure --prefix=/home/Admin --enable-sdl --enable-gtk --target-list=arm-softmmu
3. make -j4
Additional information:
[2300/2631] Linking target tests/plugin/libbb.dll
FAILED: tests/plugin/libbb.dll
"cc" "-m64" "-mcx16"  -o tests/plugin/libbb.dll plugins/qemu_plugin_api.lib tests/plugin/libbb.dll.p/bb.c.obj tests/plugin/libbb.dll.p/.._.._contrib_plugins_win32_linker.c.obj "-Wl,--allow-shlib-undefined" "-shared" "-Wl,--start-group" "-Wl,--out-implib=tests/plugin/libbb.dll.a" "-fstack-protector-strong" "-Wl,--no-seh" "-Wl,--nxcompat" "-Wl,--dynamicbase" "-Wl,--high-entropy-va" "-Wl,--warn-common" "C:/msys64/ucrt64/lib/libglib-2.0.dll.a" "C:/msys64/ucrt64/lib/libintl.dll.a" "C:/msys64/ucrt64/lib/libgmodule-2.0.dll.a" "-lkernel32" "-luser32" "-lgdi32" "-lwinspool" "-lshell32" "-lole32" "-loleaut32" "-luuid" "-lcomdlg32" "-ladvapi32" "-Wl,--end-group"
C:/msys64/ucrt64/bin/../lib/gcc/x86_64-w64-mingw32/13.2.0/../../../../x86_64-w64-mingw32/bin/ld.exe: tests/plugin/libbb.dll.p/bb.c.obj: in function `vcpu_tb_trans':
C:\msys64\home\Admin\qemu\build/../tests/plugin/bb.c:84:(.text+0x4f): undefined reference to `__imp_qemu_plugin_tb_n_insns'
C:/msys64/ucrt64/bin/../lib/gcc/x86_64-w64-mingw32/13.2.0/../../../../x86_64-w64-mingw32/bin/ld.exe: C:\msys64\home\Admin\qemu\build/../tests/plugin/bb.c:87:(.text+0x62): undefined reference to `__imp_qemu_plugin_register_vcpu_tb_exec_inline'
C:/msys64/ucrt64/bin/../lib/gcc/x86_64-w64-mingw32/13.2.0/../../../../x86_64-w64-mingw32/bin/ld.exe: C:\msys64\home\Admin\qemu\build/../tests/plugin/bb.c:93:(.text+0xba): undefined reference to `__imp_qemu_plugin_register_vcpu_tb_exec_cb'
C:/msys64/ucrt64/bin/../lib/gcc/x86_64-w64-mingw32/13.2.0/../../../../x86_64-w64-mingw32/bin/ld.exe: tests/plugin/libbb.dll.p/bb.c.obj: in function `plugin_exit':
C:\msys64\home\Admin\qemu\build/../tests/plugin/bb.c:55:(.text+0x1cb): undefined reference to `__imp_qemu_plugin_outs'
C:/msys64/ucrt64/bin/../lib/gcc/x86_64-w64-mingw32/13.2.0/../../../../x86_64-w64-mingw32/bin/ld.exe: C:\msys64\home\Admin\qemu\build/../tests/plugin/bb.c:55:(.text+0x204): undefined reference to `__imp_qemu_plugin_outs'
C:/msys64/ucrt64/bin/../lib/gcc/x86_64-w64-mingw32/13.2.0/../../../../x86_64-w64-mingw32/bin/ld.exe: tests/plugin/libbb.dll.p/bb.c.obj: in function `vcpu_idle':
C:\msys64\home\Admin\qemu\build/../tests/plugin/bb.c:66:(.text+0x299): undefined reference to `__imp_qemu_plugin_outs'
C:/msys64/ucrt64/bin/../lib/gcc/x86_64-w64-mingw32/13.2.0/../../../../x86_64-w64-mingw32/bin/ld.exe: tests/plugin/libbb.dll.p/bb.c.obj: in function `qemu_plugin_install':
C:\msys64\home\Admin\qemu\build/../tests/plugin/bb.c:114:(.text+0x2e8): undefined reference to `__imp_qemu_plugin_bool_parse'
C:/msys64/ucrt64/bin/../lib/gcc/x86_64-w64-mingw32/13.2.0/../../../../x86_64-w64-mingw32/bin/ld.exe: C:\msys64\home\Admin\qemu\build/../tests/plugin/bb.c:141:(.text+0x3d5): undefined reference to `__imp_qemu_plugin_register_vcpu_tb_trans_cb'
C:/msys64/ucrt64/bin/../lib/gcc/x86_64-w64-mingw32/13.2.0/../../../../x86_64-w64-mingw32/bin/ld.exe: C:\msys64\home\Admin\qemu\build/../tests/plugin/bb.c:142:(.text+0x3ea): undefined reference to `__imp_qemu_plugin_register_atexit_cb'
C:/msys64/ucrt64/bin/../lib/gcc/x86_64-w64-mingw32/13.2.0/../../../../x86_64-w64-mingw32/bin/ld.exe: C:\msys64\home\Admin\qemu\build/../tests/plugin/bb.c:138:(.text+0x420): undefined reference to `__imp_qemu_plugin_register_vcpu_idle_cb'
collect2.exe: error: ld returned 1 exit status
[2301/2631] Compiling C object tests/plugin/libempty.dll.p/.._.._contrib_plugins_win32_linker.c.obj
[2302/2631] Compiling C object tests/libtestqapi.a.p/meson-generated_.._test-qapi-visit.c.obj
[2303/2631] Compiling C object tests/plugin/libinsn.dll.p/.._.._contrib_plugins_win32_linker.c.obj
ninja: build stopped: subcommand failed.
