permissions: 0.827
other: 0.708
debug: 0.680
network: 0.671
socket: 0.654
files: 0.647
PID: 0.645
device: 0.636
boot: 0.631
KVM: 0.627
semantic: 0.615
performance: 0.615
vnc: 0.612
graphic: 0.560

qemu-8.1-rc1 and rc0 fail build. 8.0 is fine
Description of problem:
Build error with 8.1.0-rc0 and 8.1.0-rc1.
Build of 8.0.3 works correctly, using the same build configuration.
Steps to reproduce:
1. Run configure as below in logs
2.`/var/media/DATA/home-rudi/LibreELEC.tv/build.LibreELEC-Generic.x86_64-12.0-devel/build/qemu-8.1.0-rc1/.x86_64-linux-gnu/pyvenv/bin/python3 -m ensurepip --upgrade --default-pip`
3.
Additional information:
```
$ s/build qemu:host
CLEAN      qemu
    *      Removing /var/media/DATA/home-rudi/LibreELEC.tv/build.LibreELEC-Generic.x86_64-12.0-devel/build/qemu-8.1.0-rc0 ...
    *      Removing /var/media/DATA/home-rudi/LibreELEC.tv/build.LibreELEC-Generic.x86_64-12.0-devel/qa_checks/qemu-* ...
UNPACK      qemu
BUILD      qemu (host)
    TOOLCHAIN      configure
Executing (host): /var/media/DATA/home-rudi/LibreELEC.tv/build.LibreELEC-Generic.x86_64-12.0-devel/build/qemu-8.1.0-rc1/configure --bindir=/var/media/DATA/home-rudi/LibreELEC.tv/build.LibreELEC-Generic.x86_64-12.0-devel/toolchain/bin --extra-cflags=-I/var/media/DATA/home-rudi/LibreELEC.tv/build.LibreELEC-Generic.x86_64-12.0-devel/toolchain/include --extra-ldflags=-L/var/media/DATA/home-rudi/LibreELEC.tv/build.LibreELEC-Generic.x86_64-12.0-devel/toolchain/lib --libexecdir=/var/media/DATA/home-rudi/LibreELEC.tv/build.LibreELEC-Generic.x86_64-12.0-devel/toolchain/lib --localstatedir=/var/media/DATA/home-rudi/LibreELEC.tv/build.LibreELEC-Generic.x86_64-12.0-devel/toolchain/var --prefix=/var/media/DATA/home-rudi/LibreELEC.tv/build.LibreELEC-Generic.x86_64-12.0-devel/toolchain --sbindir=/var/media/DATA/home-rudi/LibreELEC.tv/build.LibreELEC-Generic.x86_64-12.0-devel/toolchain/sbin --sysconfdir=/var/media/DATA/home-rudi/LibreELEC.tv/build.LibreELEC-Generic.x86_64-12.0-devel/toolchain/etc --enable-tools --enable-malloc=system --disable-attr --disable-auth-pam --disable-install-blobs --disable-capstone --disable-curl --disable-debug-info --disable-debug-mutex --disable-debug-tcg --disable-docs --disable-gcrypt --disable-gnutls --disable-system --disable-user --disable-vnc --disable-werror --disable-xkbcommon --disable-zstd 
python determined to be '/var/media/DATA/home-rudi/LibreELEC.tv/build.LibreELEC-Generic.x86_64-12.0-devel/toolchain/bin/python3'
python version: Python 3.11.4
mkvenv: Creating non-isolated virtual environment at 'pyvenv'
mkvenv subprocess failed:
cmd: ['/var/media/DATA/home-rudi/LibreELEC.tv/build.LibreELEC-Generic.x86_64-12.0-devel/build/qemu-8.1.0-rc1/.x86_64-linux-gnu/pyvenv/bin/python3', '-m', 'ensurepip', '--upgrade', '--default-pip']
returncode: 1
========== stdout ==========
Looking in links: /tmp/tmpio395oka
Processing /tmp/tmpio395oka/setuptools-65.5.0-py3-none-any.whl
Processing /tmp/tmpio395oka/pip-23.1.2-py3-none-any.whl
Installing collected packages: setuptools, pip
ERROR: Exception:
Traceback (most recent call last):
  File "/tmp/tmpio395oka/pip-23.1.2-py3-none-any.whl/pip/_internal/cli/base_command.py", line 169, in exc_logging_wrapper
    status = run_func(*args)
             ^^^^^^^^^^^^^^^
  File "/tmp/tmpio395oka/pip-23.1.2-py3-none-any.whl/pip/_internal/cli/req_command.py", line 248, in wrapper
    return func(self, options, args)
           ^^^^^^^^^^^^^^^^^^^^^^^^^
  File "/tmp/tmpio395oka/pip-23.1.2-py3-none-any.whl/pip/_internal/commands/install.py", line 449, in run
    installed = install_given_reqs(
                ^^^^^^^^^^^^^^^^^^^
  File "/tmp/tmpio395oka/pip-23.1.2-py3-none-any.whl/pip/_internal/req/__init__.py", line 72, in install_given_reqs
    requirement.install(
  File "/tmp/tmpio395oka/pip-23.1.2-py3-none-any.whl/pip/_internal/req/req_install.py", line 800, in install
    install_wheel(
  File "/tmp/tmpio395oka/pip-23.1.2-py3-none-any.whl/pip/_internal/operations/install/wheel.py", line 731, in install_wheel
    _install_wheel(
  File "/tmp/tmpio395oka/pip-23.1.2-py3-none-any.whl/pip/_internal/operations/install/wheel.py", line 620, in _install_wheel
    assert os.path.exists(pyc_path)
AssertionError
Traceback (most recent call last):
  File "<frozen runpy>", line 198, in _run_module_as_main
  File "<frozen runpy>", line 88, in _run_code
  File "/var/media/DATA/home-rudi/LibreELEC.tv/build.LibreELEC-Generic.x86_64-12.0-devel/toolchain/lib/python3.11/ensurepip/__main__.py", line 5, in <module>
    sys.exit(ensurepip._main())
             ^^^^^^^^^^^^^^^^^
  File "/var/media/DATA/home-rudi/LibreELEC.tv/build.LibreELEC-Generic.x86_64-12.0-devel/toolchain/lib/python3.11/ensurepip/__init__.py", line 286, in _main
    return _bootstrap(
           ^^^^^^^^^^^
  File "/var/media/DATA/home-rudi/LibreELEC.tv/build.LibreELEC-Generic.x86_64-12.0-devel/toolchain/lib/python3.11/ensurepip/__init__.py", line 202, in _bootstrap
    return _run_pip([*args, *_PACKAGE_NAMES], additional_paths)
           ^^^^^^^^^^^^^^^^^^^^^^^^^^^^^^^^^^^^^^^^^^^^^^^^^^^^
  File "/var/media/DATA/home-rudi/LibreELEC.tv/build.LibreELEC-Generic.x86_64-12.0-devel/toolchain/lib/python3.11/ensurepip/__init__.py", line 103, in _run_pip
    return subprocess.run(cmd, check=True).returncode
           ^^^^^^^^^^^^^^^^^^^^^^^^^^^^^^^
  File "/var/media/DATA/home-rudi/LibreELEC.tv/build.LibreELEC-Generic.x86_64-12.0-devel/toolchain/lib/python3.11/subprocess.py", line 571, in run
    raise CalledProcessError(retcode, process.args,
subprocess.CalledProcessError: Command '['/var/media/DATA/home-rudi/LibreELEC.tv/build.LibreELEC-Generic.x86_64-12.0-devel/build/qemu-8.1.0-rc1/.x86_64-linux-gnu/pyvenv/bin/python3', '-W', 'ignore::DeprecationWarning', '-c', '\nimport runpy\nimport sys\nsys.path = [\'/tmp/tmpio395oka/setuptools-65.5.0-py3-none-any.whl\', \'/tmp/tmpio395oka/pip-23.1.2-py3-none-any.whl\'] + sys.path\nsys.argv[1:] = [\'install\', \'--no-cache-dir\', \'--no-index\', \'--find-links\', \'/tmp/tmpio395oka\', \'--upgrade\', \'setuptools\', \'pip\']\nrunpy.run_module("pip", run_name="__main__", alter_sys=True)\n']' returned non-zero exit status 2.

============================

*** Ouch! ***

VENV creation subprocess failed. 



ERROR: python venv creation failed

FAILURE: s/build qemu:host during configure_host (default)

```
